c:\users\user\desktop\magshimimbroadcaster-master\encoding\x64\debug\videoencoding.pch
c:\users\user\desktop\magshimimbroadcaster-master\encoding\x64\debug\vc140.pdb
c:\users\user\desktop\magshimimbroadcaster-master\encoding\x64\debug\stdafx.obj
c:\users\user\desktop\magshimimbroadcaster-master\encoding\x64\debug\encoding.obj
c:\users\user\desktop\magshimimbroadcaster-master\encoding\x64\debug\encoder.obj
c:\users\user\desktop\magshimimbroadcaster-master\encoding\x64\debug\decoder.obj
c:\users\user\desktop\magshimimbroadcaster-master\encoding\x64\debug\assemblyinfo.obj
c:\users\user\desktop\magshimimbroadcaster-master\encoding\x64\debug\.netframework,version=v4.5.2.assemblyattributes.obj
c:\users\user\desktop\magshimimbroadcaster-master\encoding\x64\debug\.netframework,version=v4.5.2.assemblyattributes.asm
c:\users\user\desktop\magshimimbroadcaster-master\x64\debug\videoencoding.dll
c:\users\user\desktop\magshimimbroadcaster-master\x64\debug\videoencoding.pdb
c:\users\user\desktop\magshimimbroadcaster-master\encoding\x64\debug\app.res
c:\users\user\desktop\magshimimbroadcaster-master\encoding\x64\debug\encoding.vcxprojresolveassemblyreference.cache
c:\users\user\desktop\magshimimbroadcaster-master\encoding\x64\debug\videoencoding.tlog\cl.command.1.tlog
c:\users\user\desktop\magshimimbroadcaster-master\encoding\x64\debug\videoencoding.tlog\cl.read.1.tlog
c:\users\user\desktop\magshimimbroadcaster-master\encoding\x64\debug\videoencoding.tlog\cl.write.1.tlog
c:\users\user\desktop\magshimimbroadcaster-master\encoding\x64\debug\videoencoding.tlog\link.command.1.tlog
c:\users\user\desktop\magshimimbroadcaster-master\encoding\x64\debug\videoencoding.tlog\link.read.1.tlog
c:\users\user\desktop\magshimimbroadcaster-master\encoding\x64\debug\videoencoding.tlog\link.write.1.tlog
c:\users\user\desktop\magshimimbroadcaster-master\encoding\x64\debug\videoencoding.tlog\metagen.read.1.tlog
c:\users\user\desktop\magshimimbroadcaster-master\encoding\x64\debug\videoencoding.tlog\metagen.write.1.tlog
c:\users\user\desktop\magshimimbroadcaster-master\encoding\x64\debug\videoencoding.tlog\rc.command.1.tlog
c:\users\user\desktop\magshimimbroadcaster-master\encoding\x64\debug\videoencoding.tlog\rc.read.1.tlog
c:\users\user\desktop\magshimimbroadcaster-master\encoding\x64\debug\videoencoding.tlog\rc.write.1.tlog
c:\users\user\desktop\magshimimbroadcaster-master\encoding\x64\debug\videoencoding.tlog\tzres.dll.bi
